<?xml version="1.0" encoding="UTF-8"?>
<!-- Generated by org.testng.reporters.JUnitXMLReporter -->
<testsuite ignored="3" hostname="laugh-tale" failures="0" tests="1" name="Default test" time="3.612" errors="0" timestamp="2022-02-02T15:02:20 WIB">
  <testcase classname="com.juaracoding.restassured.Test02_CRUD" name="test04_delete" time="3.546"/>
  <testcase classname="com.juaracoding.restassured.Test02_CRUD" name="test03_patch" time="0.0">
    <ignored/>
  </testcase> <!-- test03_patch -->
  <testcase classname="com.juaracoding.restassured.Test02_CRUD" name="test02_put" time="0.0">
    <ignored/>
  </testcase> <!-- test02_put -->
  <testcase classname="com.juaracoding.restassured.Test02_CRUD" name="test01_post" time="0.0">
    <ignored/>
  </testcase> <!-- test01_post -->
</testsuite> <!-- Default test -->
